iMPACT Version: 14.7

iMPACT log file Started on Thu May 29 11:03:08 2014

Welcome to iMPACT
iMPACT Version: 14.7
// *** BATCH CMD : setMode -bs
GUI --- Auto connect to cable...
// *** BATCH CMD : setCable -port auto
AutoDetecting cable. Please wait.
*** WARNING ***: When port is set to auto detect mode, cable speed is set todefault 6 MHz regardless of explicit arguments supplied for setting the baudrates
PROGRESS_START - Starting Operation.
 Using windrvr6 driver.
Connecting to cable (Usb Port - USB21).
Checking cable driver.
File version of /opt/Xilinx/14.7/ISE_DS/ISE/bin/lin64/xusbdfwu.hex = 1030.
File version of /usr/share/xusbdfwu.hex = 1030.
 libusb-driver.so version: 2012-11-03 11:03:09.
 Cable PID = 0008.
 Max current requested during enumeration is 74 mA.
Type = 0x0004.
 Cable Type = 3, Revision = 0.
 Setting cable speed to 6 MHz.
Cable connection established.
Firmware version = 1028.
File version of /opt/Xilinx/14.7/ISE_DS/ISE/data/xusb_xlp.hex = 1303.
Firmware hex file version = 1303.
Downloading /opt/Xilinx/14.7/ISE_DS/ISE/data/xusb_xlp.hex.
Downloaded firmware version = 1303.
PLD file version = 0012h.
 PLD version = 0012h.
PROGRESS_END - End Operation.
Elapsed time =      1 sec.
Type = 0x0004.
ESN option: 00001537514401.
Attempting to identify devices in the boundary-scan chain configuration...
INFO:iMPACT - Current time: 14-5-29 AM11:03
// *** BATCH CMD : Identify -inferir 
PROGRESS_START - Starting Operation.
Identifying chain contents...'0': : Manufacturer's ID = Xilinx xc6vlx240t, Version : 8
INFO:iMPACT:1777 - 
   Reading /opt/Xilinx/14.7/ISE_DS/ISE/virtex6/data/xc6vlx240t.bsd...
INFO:iMPACT:501 - '1': Added Device xc6vlx240t successfully.
----------------------------------------------------------------------
'1': : Manufacturer's ID = Xilinx xccace, Version : 0
INFO:iMPACT:1777 - 
   Reading /opt/Xilinx/14.7/ISE_DS/ISE/acecf/data/xccace.bsd...
INFO:iMPACT:501 - '1': Added Device xccace successfully.
----------------------------------------------------------------------
done.
PROGRESS_END - End Operation.
Elapsed time =      0 sec.
// *** BATCH CMD : identifyMPM 
// *** BATCH CMD : assignFile -p 2 -file"/home/cic/ql/rpccontrol/zhx/zhx_top.bit"
'2': Loading file '/home/cic/ql/rpccontrol/zhx/zhx_top.bit' ...
done.
INFO:iMPACT:2257 - Startup Clock has been changed to 'JtagClk' in the bitstream   stored in memory,
   but the original bitstream file remains unchanged.
UserID read from the bitstream file = 0xFFFFFFFF.
----------------------------------------------------------------------
INFO:iMPACT:501 - '2': Added Device xc6vlx240t successfully.
----------------------------------------------------------------------
INFO:iMPACT - Current time: 14-5-29 AM11:03
// *** BATCH CMD : Program -p 2 
Maximum TCK operating frequency for this device chain: 16700000.
Validating chain...
Boundary-scan chain validated successfully.
2: Device Temperature: Current Reading:   41.52 C, Min. Reading:   30.20 C, Max.Reading:   42.01 C
2: VCCINT Supply: Current Reading:   1.011 V, Min. Reading:   1.008 V, Max.Reading:   1.014 V
2: VCCAUX Supply: Current Reading:   2.490 V, Min. Reading:   2.487 V, Max.Reading:   2.499 V
PROGRESS_START - Starting Operation.
'2': Programming device...
 Match_cycle = NoWait.
Match cycle: NoWait
 LCK_cycle = NoWait.
LCK cycle: NoWait
done.
INFO:iMPACT:2219 - Status register values:
INFO:iMPACT - 0011 1111 0101 1110 0000 1011 1100 0000 
INFO:iMPACT:579 - '2': Completed downloading bit file to device.
INFO:iMPACT:188 - '2': Programming completed successfully.
 Match_cycle = NoWait.
Match cycle: NoWait
 LCK_cycle = NoWait.
LCK cycle: NoWait
INFO:iMPACT - '2': Checking done pin....done.
'2': Programmed successfully.
PROGRESS_END - End Operation.
Elapsed time =     20 sec.
INFO:iMPACT - User_EnvOsname: 'Ubuntu'
INFO:iMPACT - User_EnvOsrelease: 'Ubuntu 12.04 LTS'
// *** BATCH CMD : setMode -bs
INFO:iMPACT - Launching WebTalk, please refer to the webtalk log at   /home/cic/webtalk.log for details.
INFO:iMPACT - Running wbtc successfully.
// *** BATCH CMD : setMode -bs
// *** BATCH CMD : deleteDevice -position 1
----------------------------------------------------------------------
// *** BATCH CMD : deleteDevice -position 1
// *** BATCH CMD : setMode -bs
// *** BATCH CMD : setMode -ss
// *** BATCH CMD : setMode -sm
// *** BATCH CMD : setMode -hw140
// *** BATCH CMD : setMode -spi
// *** BATCH CMD : setMode -acecf
// *** BATCH CMD : setMode -acempm
// *** BATCH CMD : setMode -pff
